[2019-02-28T15:50:58.469] [DEBUG] date - Some debug messages
[2019-02-28T15:50:58.470] [INFO] date - Some info messages
[2019-02-28T15:50:58.470] [WARN] date - Some warn messages
[2019-02-28T15:50:58.471] [ERROR] date - Some error messages
[2019-02-28T15:50:58.471] [FATAL] date - Some fatal messages
[2019-02-28T15:50:58.471] [MARK] date - Some mark messages
[2019-02-28T15:50:58.471] [INFO] date - Listen on port 3000...
[2019-02-28T15:51:16.999] [DEBUG] date - Some debug messages
[2019-02-28T15:51:17.001] [INFO] date - Some info messages
[2019-02-28T15:51:17.001] [WARN] date - Some warn messages
[2019-02-28T15:51:17.002] [ERROR] date - Some error messages
[2019-02-28T15:51:17.002] [FATAL] date - Some fatal messages
[2019-02-28T15:51:17.002] [MARK] date - Some mark messages
[2019-02-28T15:51:17.002] [INFO] date - Listen on port 3000...
[2019-02-28T15:51:43.261] [DEBUG] date - Some debug messages
[2019-02-28T15:51:43.263] [INFO] date - Some info messages
[2019-02-28T15:51:43.263] [WARN] date - Some warn messages
[2019-02-28T15:51:43.263] [ERROR] date - Some error messages
[2019-02-28T15:51:43.263] [FATAL] date - Some fatal messages
[2019-02-28T15:51:43.263] [MARK] date - Some mark messages
[2019-02-28T15:51:43.263] [INFO] date - Listen on port 3000...
[2019-02-28T15:57:35.423] [DEBUG] date - Some debug messages
[2019-02-28T15:57:35.425] [INFO] date - Some info messages
[2019-02-28T15:57:35.425] [WARN] date - Some warn messages
[2019-02-28T15:57:35.425] [ERROR] date - Some error messages
[2019-02-28T15:57:35.425] [FATAL] date - Some fatal messages
[2019-02-28T15:57:35.425] [MARK] date - Some mark messages
[2019-02-28T15:57:35.426] [INFO] date - Listen on port 3000...
[2019-02-28T15:57:47.535] [DEBUG] date - Some debug messages
[2019-02-28T15:57:47.536] [INFO] date - Some info messages
[2019-02-28T15:57:47.537] [WARN] date - Some warn messages
[2019-02-28T15:57:47.537] [ERROR] date - Some error messages
[2019-02-28T15:57:47.537] [FATAL] date - Some fatal messages
[2019-02-28T15:57:47.537] [MARK] date - Some mark messages
[2019-02-28T15:57:47.537] [INFO] date - Listen on port 3000...
[2019-02-28T15:57:48.538] [DEBUG] date - Some debug messages
[2019-02-28T15:57:48.540] [INFO] date - Some info messages
[2019-02-28T15:57:48.540] [WARN] date - Some warn messages
[2019-02-28T15:57:48.540] [ERROR] date - Some error messages
[2019-02-28T15:57:48.540] [FATAL] date - Some fatal messages
[2019-02-28T15:57:48.540] [MARK] date - Some mark messages
[2019-02-28T15:57:48.540] [INFO] date - Listen on port 3000...
[2019-02-28T15:57:49.559] [DEBUG] date - Some debug messages
[2019-02-28T15:57:49.560] [INFO] date - Some info messages
[2019-02-28T15:57:49.560] [WARN] date - Some warn messages
[2019-02-28T15:57:49.560] [ERROR] date - Some error messages
[2019-02-28T15:57:49.560] [FATAL] date - Some fatal messages
[2019-02-28T15:57:49.561] [MARK] date - Some mark messages
[2019-02-28T15:57:49.561] [INFO] date - Listen on port 3000...
[2019-02-28T15:57:55.559] [DEBUG] date - Some debug messages
[2019-02-28T15:57:55.560] [INFO] date - Some info messages
[2019-02-28T15:57:55.561] [WARN] date - Some warn messages
[2019-02-28T15:57:55.561] [ERROR] date - Some error messages
[2019-02-28T15:57:55.561] [FATAL] date - Some fatal messages
[2019-02-28T15:57:55.561] [MARK] date - Some mark messages
[2019-02-28T15:57:55.561] [INFO] date - Listen on port 3000...
[2019-02-28T15:57:58.542] [DEBUG] date - Some debug messages
[2019-02-28T15:57:58.543] [INFO] date - Some info messages
[2019-02-28T15:57:58.543] [WARN] date - Some warn messages
[2019-02-28T15:57:58.544] [ERROR] date - Some error messages
[2019-02-28T15:57:58.544] [FATAL] date - Some fatal messages
[2019-02-28T15:57:58.544] [MARK] date - Some mark messages
[2019-02-28T15:57:58.544] [INFO] date - Listen on port 3000...
